

Started GET "/" for ::1 at 2015-11-24 21:09:09 -0800
Processing by Rails::WelcomeController#index as HTML
  Rendered vendor/bundle/gems/railties-4.2.5/lib/rails/templates/rails/welcome/index.html.erb (1.8ms)
Completed 200 OK in 17ms (Views: 9.9ms | ActiveRecord: 0.0ms)


Started GET "/" for ::1 at 2015-11-24 21:19:40 -0800
Processing by StaticPagesController#index as HTML
Completed 500 Internal Server Error in 6ms (ActiveRecord: 0.0ms)

ActionView::MissingTemplate (Missing template static_pages/index, application/index with {:locale=>[:en], :formats=>[:html], :variants=>[], :handlers=>[:erb, :builder, :raw, :ruby, :coffee, :jbuilder]}. Searched in:
  * "/Users/isisanchalee/Desktop/battleship/battleship/app/views"
):
  app/controllers/static_pages_controller.rb:3:in `index'


  Rendered vendor/bundle/gems/actionpack-4.2.5/lib/action_dispatch/middleware/templates/rescues/_source.erb (4.4ms)
  Rendered vendor/bundle/gems/actionpack-4.2.5/lib/action_dispatch/middleware/templates/rescues/_trace.html.erb (2.0ms)
  Rendered vendor/bundle/gems/actionpack-4.2.5/lib/action_dispatch/middleware/templates/rescues/_request_and_response.html.erb (0.8ms)
  Rendered vendor/bundle/gems/actionpack-4.2.5/lib/action_dispatch/middleware/templates/rescues/missing_template.html.erb within rescues/layout (55.1ms)
  Rendered vendor/bundle/gems/web-console-2.2.1/lib/web_console/templates/_markup.html.erb (0.3ms)
  Rendered vendor/bundle/gems/web-console-2.2.1/lib/web_console/templates/_inner_console_markup.html.erb within layouts/inlined_string (0.3ms)
  Rendered vendor/bundle/gems/web-console-2.2.1/lib/web_console/templates/_prompt_box_markup.html.erb within layouts/inlined_string (0.4ms)
  Rendered vendor/bundle/gems/web-console-2.2.1/lib/web_console/templates/style.css.erb within layouts/inlined_string (0.4ms)
  Rendered vendor/bundle/gems/web-console-2.2.1/lib/web_console/templates/console.js.erb within layouts/javascript (50.5ms)
  Rendered vendor/bundle/gems/web-console-2.2.1/lib/web_console/templates/main.js.erb within layouts/javascript (0.3ms)
  Rendered vendor/bundle/gems/web-console-2.2.1/lib/web_console/templates/error_page.js.erb within layouts/javascript (0.4ms)
  Rendered vendor/bundle/gems/web-console-2.2.1/lib/web_console/templates/index.html.erb (111.4ms)


Started GET "/" for ::1 at 2015-11-24 21:21:28 -0800
Processing by StaticPagesController#index as HTML
Completed 500 Internal Server Error in 3ms (ActiveRecord: 0.0ms)

ActionView::MissingTemplate (Missing template static_pages/index, application/index with {:locale=>[:en], :formats=>[:html], :variants=>[], :handlers=>[:erb, :builder, :raw, :ruby, :coffee, :jbuilder]}. Searched in:
  * "/Users/isisanchalee/Desktop/battleship/battleship/app/views"
):
  app/controllers/static_pages_controller.rb:3:in `index'


  Rendered vendor/bundle/gems/actionpack-4.2.5/lib/action_dispatch/middleware/templates/rescues/_source.erb (5.0ms)
  Rendered vendor/bundle/gems/actionpack-4.2.5/lib/action_dispatch/middleware/templates/rescues/_trace.html.erb (1.9ms)
  Rendered vendor/bundle/gems/actionpack-4.2.5/lib/action_dispatch/middleware/templates/rescues/_request_and_response.html.erb (0.7ms)
  Rendered vendor/bundle/gems/actionpack-4.2.5/lib/action_dispatch/middleware/templates/rescues/missing_template.html.erb within rescues/layout (55.6ms)
  Rendered vendor/bundle/gems/web-console-2.2.1/lib/web_console/templates/_markup.html.erb (0.2ms)
  Rendered vendor/bundle/gems/web-console-2.2.1/lib/web_console/templates/_inner_console_markup.html.erb within layouts/inlined_string (0.2ms)
  Rendered vendor/bundle/gems/web-console-2.2.1/lib/web_console/templates/_prompt_box_markup.html.erb within layouts/inlined_string (0.3ms)
  Rendered vendor/bundle/gems/web-console-2.2.1/lib/web_console/templates/style.css.erb within layouts/inlined_string (0.3ms)
  Rendered vendor/bundle/gems/web-console-2.2.1/lib/web_console/templates/console.js.erb within layouts/javascript (45.2ms)
  Rendered vendor/bundle/gems/web-console-2.2.1/lib/web_console/templates/main.js.erb within layouts/javascript (0.3ms)
  Rendered vendor/bundle/gems/web-console-2.2.1/lib/web_console/templates/error_page.js.erb within layouts/javascript (0.3ms)
  Rendered vendor/bundle/gems/web-console-2.2.1/lib/web_console/templates/index.html.erb (98.0ms)


Started GET "/" for ::1 at 2015-11-24 21:21:38 -0800
Processing by StaticPagesController#index as HTML
Completed 500 Internal Server Error in 2ms (ActiveRecord: 0.0ms)

ActionView::MissingTemplate (Missing template static_pages/index, application/index with {:locale=>[:en], :formats=>[:html], :variants=>[], :handlers=>[:erb, :builder, :raw, :ruby, :coffee, :jbuilder]}. Searched in:
  * "/Users/isisanchalee/Desktop/battleship/battleship/app/views"
):
  app/controllers/static_pages_controller.rb:3:in `index'


  Rendered vendor/bundle/gems/actionpack-4.2.5/lib/action_dispatch/middleware/templates/rescues/_source.erb (8.7ms)
  Rendered vendor/bundle/gems/actionpack-4.2.5/lib/action_dispatch/middleware/templates/rescues/_trace.html.erb (2.1ms)
  Rendered vendor/bundle/gems/actionpack-4.2.5/lib/action_dispatch/middleware/templates/rescues/_request_and_response.html.erb (0.8ms)
  Rendered vendor/bundle/gems/actionpack-4.2.5/lib/action_dispatch/middleware/templates/rescues/missing_template.html.erb within rescues/layout (55.5ms)
  Rendered vendor/bundle/gems/web-console-2.2.1/lib/web_console/templates/_markup.html.erb (0.3ms)
  Rendered vendor/bundle/gems/web-console-2.2.1/lib/web_console/templates/_inner_console_markup.html.erb within layouts/inlined_string (0.3ms)
  Rendered vendor/bundle/gems/web-console-2.2.1/lib/web_console/templates/_prompt_box_markup.html.erb within layouts/inlined_string (0.3ms)
  Rendered vendor/bundle/gems/web-console-2.2.1/lib/web_console/templates/style.css.erb within layouts/inlined_string (0.3ms)
  Rendered vendor/bundle/gems/web-console-2.2.1/lib/web_console/templates/console.js.erb within layouts/javascript (50.4ms)
  Rendered vendor/bundle/gems/web-console-2.2.1/lib/web_console/templates/main.js.erb within layouts/javascript (0.2ms)
  Rendered vendor/bundle/gems/web-console-2.2.1/lib/web_console/templates/error_page.js.erb within layouts/javascript (0.3ms)
  Rendered vendor/bundle/gems/web-console-2.2.1/lib/web_console/templates/index.html.erb (102.3ms)


Started GET "/" for ::1 at 2015-11-24 21:22:10 -0800

Gem::LoadError (Specified 'sqlite3' for database adapter, but the gem is not loaded. Add `gem 'sqlite3'` to your Gemfile (and ensure its version is at the minimum required by ActiveRecord).):
  vendor/bundle/gems/activerecord-4.2.5/lib/active_record/connection_adapters/connection_specification.rb:177:in `rescue in spec'
  vendor/bundle/gems/activerecord-4.2.5/lib/active_record/connection_adapters/connection_specification.rb:174:in `spec'
  vendor/bundle/gems/activerecord-4.2.5/lib/active_record/connection_handling.rb:50:in `establish_connection'
  vendor/bundle/gems/activerecord-4.2.5/lib/active_record/railtie.rb:120:in `block (2 levels) in <class:Railtie>'
  vendor/bundle/gems/activesupport-4.2.5/lib/active_support/lazy_load_hooks.rb:38:in `instance_eval'
  vendor/bundle/gems/activesupport-4.2.5/lib/active_support/lazy_load_hooks.rb:38:in `execute_hook'
  vendor/bundle/gems/activesupport-4.2.5/lib/active_support/lazy_load_hooks.rb:45:in `block in run_load_hooks'
  vendor/bundle/gems/activesupport-4.2.5/lib/active_support/lazy_load_hooks.rb:44:in `each'
  vendor/bundle/gems/activesupport-4.2.5/lib/active_support/lazy_load_hooks.rb:44:in `run_load_hooks'
  vendor/bundle/gems/activerecord-4.2.5/lib/active_record/base.rb:315:in `<module:ActiveRecord>'
  vendor/bundle/gems/activerecord-4.2.5/lib/active_record/base.rb:26:in `<top (required)>'
  vendor/bundle/gems/activerecord-4.2.5/lib/active_record/migration.rb:383:in `connection'
  vendor/bundle/gems/activerecord-4.2.5/lib/active_record/migration.rb:370:in `call'
  vendor/bundle/gems/actionpack-4.2.5/lib/action_dispatch/middleware/callbacks.rb:29:in `block in call'
  vendor/bundle/gems/activesupport-4.2.5/lib/active_support/callbacks.rb:88:in `__run_callbacks__'
  vendor/bundle/gems/activesupport-4.2.5/lib/active_support/callbacks.rb:778:in `_run_call_callbacks'
  vendor/bundle/gems/activesupport-4.2.5/lib/active_support/callbacks.rb:81:in `run_callbacks'
  vendor/bundle/gems/actionpack-4.2.5/lib/action_dispatch/middleware/callbacks.rb:27:in `call'
  vendor/bundle/gems/actionpack-4.2.5/lib/action_dispatch/middleware/reloader.rb:73:in `call'
  vendor/bundle/gems/actionpack-4.2.5/lib/action_dispatch/middleware/remote_ip.rb:78:in `call'
  vendor/bundle/gems/actionpack-4.2.5/lib/action_dispatch/middleware/debug_exceptions.rb:17:in `call'
  vendor/bundle/gems/web-console-2.2.1/lib/web_console/middleware.rb:39:in `call'
  vendor/bundle/gems/actionpack-4.2.5/lib/action_dispatch/middleware/show_exceptions.rb:30:in `call'
  vendor/bundle/gems/railties-4.2.5/lib/rails/rack/logger.rb:38:in `call_app'
  vendor/bundle/gems/railties-4.2.5/lib/rails/rack/logger.rb:20:in `block in call'
  vendor/bundle/gems/activesupport-4.2.5/lib/active_support/tagged_logging.rb:68:in `block in tagged'
  vendor/bundle/gems/activesupport-4.2.5/lib/active_support/tagged_logging.rb:26:in `tagged'
  vendor/bundle/gems/activesupport-4.2.5/lib/active_support/tagged_logging.rb:68:in `tagged'
  vendor/bundle/gems/railties-4.2.5/lib/rails/rack/logger.rb:20:in `call'
  vendor/bundle/gems/actionpack-4.2.5/lib/action_dispatch/middleware/request_id.rb:21:in `call'
  vendor/bundle/gems/rack-1.6.4/lib/rack/methodoverride.rb:22:in `call'
  vendor/bundle/gems/rack-1.6.4/lib/rack/runtime.rb:18:in `call'
  vendor/bundle/gems/activesupport-4.2.5/lib/active_support/cache/strategy/local_cache_middleware.rb:28:in `call'
  vendor/bundle/gems/rack-1.6.4/lib/rack/lock.rb:17:in `call'
  vendor/bundle/gems/actionpack-4.2.5/lib/action_dispatch/middleware/static.rb:116:in `call'
  vendor/bundle/gems/rack-1.6.4/lib/rack/sendfile.rb:113:in `call'
  vendor/bundle/gems/railties-4.2.5/lib/rails/engine.rb:518:in `call'
  vendor/bundle/gems/railties-4.2.5/lib/rails/application.rb:165:in `call'
  vendor/bundle/gems/rack-1.6.4/lib/rack/lock.rb:17:in `call'
  vendor/bundle/gems/rack-1.6.4/lib/rack/content_length.rb:15:in `call'
  vendor/bundle/gems/rack-1.6.4/lib/rack/handler/webrick.rb:88:in `service'
  /Users/isisanchalee/.rbenv/versions/2.2.1/lib/ruby/2.2.0/webrick/httpserver.rb:138:in `service'
  /Users/isisanchalee/.rbenv/versions/2.2.1/lib/ruby/2.2.0/webrick/httpserver.rb:94:in `run'
  /Users/isisanchalee/.rbenv/versions/2.2.1/lib/ruby/2.2.0/webrick/server.rb:294:in `block in start_thread'


  Rendered vendor/bundle/gems/actionpack-4.2.5/lib/action_dispatch/middleware/templates/rescues/_source.erb (2.4ms)
  Rendered vendor/bundle/gems/actionpack-4.2.5/lib/action_dispatch/middleware/templates/rescues/_trace.html.erb (1.4ms)
  Rendered vendor/bundle/gems/actionpack-4.2.5/lib/action_dispatch/middleware/templates/rescues/_request_and_response.html.erb (0.7ms)
  Rendered vendor/bundle/gems/actionpack-4.2.5/lib/action_dispatch/middleware/templates/rescues/diagnostics.html.erb within rescues/layout (51.5ms)
  Rendered vendor/bundle/gems/web-console-2.2.1/lib/web_console/templates/_markup.html.erb (0.4ms)
  Rendered vendor/bundle/gems/web-console-2.2.1/lib/web_console/templates/_inner_console_markup.html.erb within layouts/inlined_string (0.2ms)
  Rendered vendor/bundle/gems/web-console-2.2.1/lib/web_console/templates/_prompt_box_markup.html.erb within layouts/inlined_string (0.3ms)
  Rendered vendor/bundle/gems/web-console-2.2.1/lib/web_console/templates/style.css.erb within layouts/inlined_string (0.3ms)
  Rendered vendor/bundle/gems/web-console-2.2.1/lib/web_console/templates/console.js.erb within layouts/javascript (52.0ms)
  Rendered vendor/bundle/gems/web-console-2.2.1/lib/web_console/templates/main.js.erb within layouts/javascript (0.3ms)
  Rendered vendor/bundle/gems/web-console-2.2.1/lib/web_console/templates/error_page.js.erb within layouts/javascript (0.4ms)
  Rendered vendor/bundle/gems/web-console-2.2.1/lib/web_console/templates/index.html.erb (111.3ms)
